C:\USERS\NTI\DROPBOX\SKOLARBETEN\PROGRAMMERING\EGNA PROJEKT\RANDOMROOM\DEBUG\RANDOMROOM.EXE
C:\USERS\NTI\DROPBOX\SKOLARBETEN\PROGRAMMERING\EGNA PROJEKT\RANDOMROOM\DEBUG\RANDOMROOM.ILK
C:\USERS\NTI\DROPBOX\SKOLARBETEN\PROGRAMMERING\EGNA PROJEKT\RANDOMROOM\DEBUG\RANDOMROOM.PDB
C:\USERS\NTI\DROPBOX\SKOLARBETEN\PROGRAMMERING\EGNA PROJEKT\RANDOMROOM\RANDOMROOM\DEBUG\MAIN.OBJ
C:\USERS\NTI\DROPBOX\SKOLARBETEN\PROGRAMMERING\EGNA PROJEKT\RANDOMROOM\RANDOMROOM\DEBUG\RANDOMROOM.EXE.EMBED.MANIFEST
C:\USERS\NTI\DROPBOX\SKOLARBETEN\PROGRAMMERING\EGNA PROJEKT\RANDOMROOM\RANDOMROOM\DEBUG\RANDOMROOM.EXE.EMBED.MANIFEST.RES
C:\USERS\NTI\DROPBOX\SKOLARBETEN\PROGRAMMERING\EGNA PROJEKT\RANDOMROOM\RANDOMROOM\DEBUG\RANDOMROOM.EXE.INTERMEDIATE.MANIFEST
C:\USERS\NTI\DROPBOX\SKOLARBETEN\PROGRAMMERING\EGNA PROJEKT\RANDOMROOM\RANDOMROOM\DEBUG\VC100.PDB
D:\DROPBOX\SKOLARBETEN\PROGRAMMERING\EGNA PROJEKT\RANDOMROOM\DEBUG\RANDOMROOM.EXE
D:\DROPBOX\SKOLARBETEN\PROGRAMMERING\EGNA PROJEKT\RANDOMROOM\DEBUG\RANDOMROOM.ILK
D:\DROPBOX\SKOLARBETEN\PROGRAMMERING\EGNA PROJEKT\RANDOMROOM\DEBUG\RANDOMROOM.PDB
D:\Dropbox\Skolarbeten\Programmering\Egna projekt\RandomRoom\RandomRoom\Debug\cl.command.1.tlog
D:\Dropbox\Skolarbeten\Programmering\Egna projekt\RandomRoom\RandomRoom\Debug\CL.read.1.tlog
D:\Dropbox\Skolarbeten\Programmering\Egna projekt\RandomRoom\RandomRoom\Debug\CL.write.1.tlog
D:\Dropbox\Skolarbeten\Programmering\Egna projekt\RandomRoom\RandomRoom\Debug\link.3180.read.1.tlog
D:\Dropbox\Skolarbeten\Programmering\Egna projekt\RandomRoom\RandomRoom\Debug\link.3180.write.1.tlog
D:\Dropbox\Skolarbeten\Programmering\Egna projekt\RandomRoom\RandomRoom\Debug\link.3180-cvtres.read.1.tlog
D:\Dropbox\Skolarbeten\Programmering\Egna projekt\RandomRoom\RandomRoom\Debug\link.3180-cvtres.write.1.tlog
D:\Dropbox\Skolarbeten\Programmering\Egna projekt\RandomRoom\RandomRoom\Debug\link.7968.read.1.tlog
D:\Dropbox\Skolarbeten\Programmering\Egna projekt\RandomRoom\RandomRoom\Debug\link.7968.write.1.tlog
D:\Dropbox\Skolarbeten\Programmering\Egna projekt\RandomRoom\RandomRoom\Debug\link.7968-cvtres.read.1.tlog
D:\Dropbox\Skolarbeten\Programmering\Egna projekt\RandomRoom\RandomRoom\Debug\link.7968-cvtres.write.1.tlog
D:\Dropbox\Skolarbeten\Programmering\Egna projekt\RandomRoom\RandomRoom\Debug\link.7984.read.1.tlog
D:\Dropbox\Skolarbeten\Programmering\Egna projekt\RandomRoom\RandomRoom\Debug\link.7984.write.1.tlog
D:\Dropbox\Skolarbeten\Programmering\Egna projekt\RandomRoom\RandomRoom\Debug\link.7984-cvtres.read.1.tlog
D:\Dropbox\Skolarbeten\Programmering\Egna projekt\RandomRoom\RandomRoom\Debug\link.7984-cvtres.write.1.tlog
D:\Dropbox\Skolarbeten\Programmering\Egna projekt\RandomRoom\RandomRoom\Debug\link.8092.read.1.tlog
D:\Dropbox\Skolarbeten\Programmering\Egna projekt\RandomRoom\RandomRoom\Debug\link.8092.write.1.tlog
D:\Dropbox\Skolarbeten\Programmering\Egna projekt\RandomRoom\RandomRoom\Debug\link.8092-cvtres.read.1.tlog
D:\Dropbox\Skolarbeten\Programmering\Egna projekt\RandomRoom\RandomRoom\Debug\link.8092-cvtres.write.1.tlog
D:\Dropbox\Skolarbeten\Programmering\Egna projekt\RandomRoom\RandomRoom\Debug\link.8848.read.1.tlog
D:\Dropbox\Skolarbeten\Programmering\Egna projekt\RandomRoom\RandomRoom\Debug\link.8848.write.1.tlog
D:\Dropbox\Skolarbeten\Programmering\Egna projekt\RandomRoom\RandomRoom\Debug\link.8848-cvtres.read.1.tlog
D:\Dropbox\Skolarbeten\Programmering\Egna projekt\RandomRoom\RandomRoom\Debug\link.8848-cvtres.write.1.tlog
D:\Dropbox\Skolarbeten\Programmering\Egna projekt\RandomRoom\RandomRoom\Debug\link.command.1.tlog
D:\Dropbox\Skolarbeten\Programmering\Egna projekt\RandomRoom\RandomRoom\Debug\link.read.1.tlog
D:\Dropbox\Skolarbeten\Programmering\Egna projekt\RandomRoom\RandomRoom\Debug\link.write.1.tlog
D:\Dropbox\Skolarbeten\Programmering\Egna projekt\RandomRoom\RandomRoom\Debug\link-cvtres.read.1.tlog
D:\Dropbox\Skolarbeten\Programmering\Egna projekt\RandomRoom\RandomRoom\Debug\link-cvtres.write.1.tlog
D:\DROPBOX\SKOLARBETEN\PROGRAMMERING\EGNA PROJEKT\RANDOMROOM\RANDOMROOM\DEBUG\MAIN.OBJ
D:\Dropbox\Skolarbeten\Programmering\Egna projekt\RandomRoom\RandomRoom\Debug\mt.command.1.tlog
D:\Dropbox\Skolarbeten\Programmering\Egna projekt\RandomRoom\RandomRoom\Debug\mt.read.1.tlog
D:\Dropbox\Skolarbeten\Programmering\Egna projekt\RandomRoom\RandomRoom\Debug\mt.write.1.tlog
D:\DROPBOX\SKOLARBETEN\PROGRAMMERING\EGNA PROJEKT\RANDOMROOM\RANDOMROOM\DEBUG\RANDOMROOM.EXE.EMBED.MANIFEST
D:\DROPBOX\SKOLARBETEN\PROGRAMMERING\EGNA PROJEKT\RANDOMROOM\RANDOMROOM\DEBUG\RANDOMROOM.EXE.EMBED.MANIFEST.RES
D:\DROPBOX\SKOLARBETEN\PROGRAMMERING\EGNA PROJEKT\RANDOMROOM\RANDOMROOM\DEBUG\RANDOMROOM.EXE.INTERMEDIATE.MANIFEST
D:\Dropbox\Skolarbeten\Programmering\Egna projekt\RandomRoom\RandomRoom\Debug\RandomRoom_manifest.rc
D:\Dropbox\Skolarbeten\Programmering\Egna projekt\RandomRoom\RandomRoom\Debug\rc.command.1.tlog
D:\Dropbox\Skolarbeten\Programmering\Egna projekt\RandomRoom\RandomRoom\Debug\rc.read.1.tlog
D:\Dropbox\Skolarbeten\Programmering\Egna projekt\RandomRoom\RandomRoom\Debug\rc.write.1.tlog
D:\Dropbox\Skolarbeten\Programmering\Egna projekt\RandomRoom\RandomRoom\Debug\vc100.idb
D:\DROPBOX\SKOLARBETEN\PROGRAMMERING\EGNA PROJEKT\RANDOMROOM\RANDOMROOM\DEBUG\VC100.PDB
