Build started 2013-03-03 22:45:16.
     1>Project "C:\Users\Addy\Documents\GitHub\RandomRoom\RandomRoom.vcxproj" on node 2 (build target(s)).
     1>InitializeBuildStatus:
         Creating "Debug\RandomRoom.unsuccessfulbuild" because "AlwaysCreate" was specified.
       ClCompile:
         C:\Program Files (x86)\Microsoft Visual Studio 10.0\VC\bin\CL.exe /c /ZI /nologo /W3 /WX- /Od /Oy- /D WIN32 /D _DEBUG /D _CONSOLE /D _UNICODE /D UNICODE /Gm /EHsc /RTC1 /MDd /GS /fp:precise /Zc:wchar_t /Zc:forScope /Fo"Debug\\" /Fd"Debug\vc100.pdb" /Gd /TP /analyze- /errorReport:prompt NewGame.cpp
         NewGame.cpp
     1>c:\users\addy\documents\github\randomroom\newgame.cpp(18): warning C4101: 'Player' : unreferenced local variable
       ManifestResourceCompile:
         All outputs are up-to-date.
       Link:
         C:\Program Files (x86)\Microsoft Visual Studio 10.0\VC\bin\link.exe /ERRORREPORT:PROMPT /OUT:"C:\Users\Addy\Documents\GitHub\Debug\RandomRoom.exe" /INCREMENTAL /NOLOGO kernel32.lib user32.lib gdi32.lib winspool.lib comdlg32.lib advapi32.lib shell32.lib ole32.lib oleaut32.lib uuid.lib odbc32.lib odbccp32.lib /MANIFEST /ManifestFile:"Debug\RandomRoom.exe.intermediate.manifest" /MANIFESTUAC:"level='asInvoker' uiAccess='false'" /DEBUG /PDB:"C:\Users\Addy\Documents\GitHub\Debug\RandomRoom.pdb" /SUBSYSTEM:CONSOLE /TLBID:1 /DYNAMICBASE /NXCOMPAT /IMPLIB:"C:\Users\Addy\Documents\GitHub\Debug\RandomRoom.lib" /MACHINE:X86 Debug\RandomRoom.exe.embed.manifest.res
         Debug\CaveGeneration.obj
         Debug\DrawMap.obj
         Debug\main.obj
         Debug\NewGame.obj
         Debug\PlayerMovment.obj
       Manifest:
         C:\Program Files (x86)\Microsoft SDKs\Windows\v7.0A\bin\mt.exe /nologo /verbose /out:"Debug\RandomRoom.exe.embed.manifest" /manifest Debug\RandomRoom.exe.intermediate.manifest
         All outputs are up-to-date.
       LinkEmbedManifest:
         All outputs are up-to-date.
         RandomRoom.vcxproj -> C:\Users\Addy\Documents\GitHub\Debug\RandomRoom.exe
       FinalizeBuildStatus:
         Deleting file "Debug\RandomRoom.unsuccessfulbuild".
         Touching "Debug\RandomRoom.lastbuildstate".
     1>Done Building Project "C:\Users\Addy\Documents\GitHub\RandomRoom\RandomRoom.vcxproj" (build target(s)).

Build succeeded.

Time Elapsed 00:00:00.48
